<?xml version="1.0" encoding="UTF-8"?>
<!-- Generated by org.testng.reporters.JUnitReportReporter -->
<testsuite skipped="0" hostname="DESKTOP-F7O9C93" name="com.Test.HomepageTest" tests="10" failures="0" timestamp="11 Sep 2018 12:34:33 GMT" time="9.654" errors="0">
  <testcase name="verifyRegisterLink" time="1.316" classname="com.Test.HomepageTest"/>
  <testcase name="verifyloginLink" time="0.705" classname="com.Test.HomepageTest"/>
  <testcase name="verifySupportLink" time="0.984" classname="com.Test.HomepageTest"/>
  <testcase name="verifyContactLink" time="0.719" classname="com.Test.HomepageTest"/>
  <testcase name="verifyFlightsLink" time="1.799" classname="com.Test.HomepageTest"/>
  <testcase name="verifyHotelsLink" time="0.736" classname="com.Test.HomepageTest"/>
  <testcase name="verifycarrentalsLink" time="0.720" classname="com.Test.HomepageTest"/>
  <testcase name="verifyCruisesLink" time="1.212" classname="com.Test.HomepageTest"/>
  <testcase name="verifyDestinationsLink" time="0.744" classname="com.Test.HomepageTest"/>
  <testcase name="verifyVacationsLink" time="0.719" classname="com.Test.HomepageTest"/>
</testsuite> <!-- com.Test.HomepageTest -->
