<?xml version="1.0" encoding="UTF-8"?>
<!-- Generated by org.testng.reporters.JUnitReportReporter -->
<testsuite skipped="0" hostname="DESKTOP-F7O9C93" name="com.pages.Sample" tests="1" failures="0" timestamp="11 Sep 2018 10:41:28 GMT" time="13.628" errors="0">
  <testcase name="m1" time="13.628" classname="com.pages.Sample"/>
</testsuite> <!-- com.pages.Sample -->
