<?xml version="1.0" encoding="UTF-8"?>
<!-- Generated by org.testng.reporters.JUnitReportReporter -->
<testsuite skipped="0" hostname="DESKTOP-F7O9C93" name="com.Test.LoginTest" tests="2" failures="0" timestamp="11 Sep 2018 12:34:33 GMT" time="54.606" errors="0">
  <testcase name="verifyUserNameandPassWord" time="7.717" classname="com.Test.LoginTest"/>
  <testcase name="verifyUserNameandPassWord" time="46.889" classname="com.Test.LoginTest"/>
</testsuite> <!-- com.Test.LoginTest -->
