<?xml version="1.0" encoding="UTF-8"?>
<!-- Generated by org.testng.reporters.JUnitReportReporter -->
<testsuite skipped="0" hostname="DESKTOP-F7O9C93" name="com.Test.RegisterTest" tests="2" failures="0" timestamp="11 Sep 2018 12:34:33 GMT" time="12.293" errors="0">
  <testcase name="VerifyRegisterDetails" time="6.454" classname="com.Test.RegisterTest"/>
  <testcase name="VerifyRegisterDetails" time="5.839" classname="com.Test.RegisterTest"/>
</testsuite> <!-- com.Test.RegisterTest -->
